<?xml version="1.0" encoding="UTF-8"?>
<testsuite name="com.yash.Millennium.MillenniumApplicationTests" time="0.007" tests="1" errors="1" skipped="0" failures="0">
  <properties>
[...]
</properties>
  <testcase name="initializationError" classname="com.yash.Millennium.MillenniumApplicationTests" time="0.007">
    <error message="Unable to find a @SpringBootConfiguration, you need to use @ContextConfiguration or @SpringBootTest(classes=...) with your test" type="java.lang.IllegalStateException"><![CDATA[java.lang.IllegalStateException: Unable to find a @SpringBootConfiguration, you need to use @ContextConfiguration or @SpringBootTest(classes=...) with your test
	at org.springframework.util.Assert.state(Assert.java:392)
	at org.springframework.boot.test.context.SpringBootTestContextBootstrapper.getOrFindConfigurationClasses(SpringBootTestContextBootstrapper.java:173)
	at org.springframework.boot.test.context.SpringBootTestContextBootstrapper.processMergedContextConfiguration(SpringBootTestContextBootstrapper.java:133)
	at org.springframework.test.context.support.AbstractTestContextBootstrapper.buildMergedContextConfiguration(AbstractTestContextBootstrapper.java:409)
	at org.springframework.test.context.support.AbstractTestContextBootstrapper.buildDefaultMergedContextConfiguration(AbstractTestContextBootstrapper.java:323)
	at org.springframework.test.context.support.AbstractTestContextBootstrapper.buildMergedContextConfiguration(AbstractTestContextBootstrapper.java:277)
	at org.springframework.test.context.support.AbstractTestContextBootstrapper.buildTestContext(AbstractTestContextBootstrapper.java:112)
	at org.springframework.boot.test.context.SpringBootTestContextBootstrapper.buildTestContext(SpringBootTestContextBootstrapper.java:78)
	at org.springframework.test.context.TestContextManager.<init>(TestContextManager.java:120)
	at org.springframework.test.context.TestContextManager.<init>(TestContextManager.java:105)
	at org.springframework.test.context.junit4.SpringJUnit4ClassRunner.createTestContextManager(SpringJUnit4ClassRunner.java:152)
	at org.springframework.test.context.junit4.SpringJUnit4ClassRunner.<init>(SpringJUnit4ClassRunner.java:143)
	at org.springframework.test.context.junit4.SpringRunner.<init>(SpringRunner.java:49)
	at sun.reflect.NativeConstructorAccessorImpl.newInstance0(Native Method)
	at sun.reflect.NativeConstructorAccessorImpl.newInstance(NativeConstructorAccessorImpl.java:62)
	at sun.reflect.DelegatingConstructorAccessorImpl.newInstance(DelegatingConstructorAccessorImpl.java:45)
	at java.lang.reflect.Constructor.newInstance(Constructor.java:423)
	at org.junit.internal.builders.AnnotatedBuilder.buildRunner(AnnotatedBuilder.java:104)
	at org.junit.internal.builders.AnnotatedBuilder.runnerForClass(AnnotatedBuilder.java:86)
	at org.junit.runners.model.RunnerBuilder.safeRunnerForClass(RunnerBuilder.java:59)
	at org.junit.internal.builders.AllDefaultPossibilitiesBuilder.runnerForClass(AllDefaultPossibilitiesBuilder.java:26)
	at org.junit.runners.model.RunnerBuilder.safeRunnerForClass(RunnerBuilder.java:59)
	at org.junit.internal.requests.ClassRequest.getRunner(ClassRequest.java:33)
	at org.apache.maven.surefire.junit4.JUnit4Provider.execute(JUnit4Provider.java:283)
	at org.apache.maven.surefire.junit4.JUnit4Provider.executeWithRerun(JUnit4Provider.java:173)
	at org.apache.maven.surefire.junit4.JUnit4Provider.executeTestSet(JUnit4Provider.java:153)
	at org.apache.maven.surefire.junit4.JUnit4Provider.invoke(JUnit4Provider.java:128)
	at org.apache.maven.surefire.booter.ForkedBooter.invokeProviderInSameClassLoader(ForkedBooter.java:203)
	at org.apache.maven.surefire.booter.ForkedBooter.runSuitesInProcess(ForkedBooter.java:155)
	at org.apache.maven.surefire.booter.ForkedBooter.main(ForkedBooter.java:103)
]]></error>
    <system-out><![CDATA[11:56:00.714 [main] DEBUG org.springframework.test.context.junit4.SpringJUnit4ClassRunner - SpringJUnit4ClassRunner constructor called with [class com.yash.Millennium.MillenniumApplicationTests]
11:56:00.721 [main] DEBUG org.springframework.test.context.BootstrapUtils - Instantiating CacheAwareContextLoaderDelegate from class [org.springframework.test.context.cache.DefaultCacheAwareContextLoaderDelegate]
11:56:00.731 [main] DEBUG org.springframework.test.context.BootstrapUtils - Instantiating BootstrapContext using constructor [public org.springframework.test.context.support.DefaultBootstrapContext(java.lang.Class,org.springframework.test.context.CacheAwareContextLoaderDelegate)]
11:56:00.748 [main] DEBUG org.springframework.test.context.BootstrapUtils - Instantiating TestContextBootstrapper for test class [com.yash.Millennium.MillenniumApplicationTests] from class [org.springframework.boot.test.context.SpringBootTestContextBootstrapper]
11:56:00.762 [main] INFO org.springframework.boot.test.context.SpringBootTestContextBootstrapper - Neither @ContextConfiguration nor @ContextHierarchy found for test class [com.yash.Millennium.MillenniumApplicationTests], using SpringBootContextLoader
11:56:00.766 [main] DEBUG org.springframework.test.context.support.AbstractContextLoader - Did not detect default resource location for test class [com.yash.Millennium.MillenniumApplicationTests]: class path resource [com/yash/Millennium/MillenniumApplicationTests-context.xml] does not exist
11:56:00.767 [main] DEBUG org.springframework.test.context.support.AbstractContextLoader - Did not detect default resource location for test class [com.yash.Millennium.MillenniumApplicationTests]: class path resource [com/yash/Millennium/MillenniumApplicationTestsContext.groovy] does not exist
11:56:00.767 [main] INFO org.springframework.test.context.support.AbstractContextLoader - Could not detect default resource locations for test class [com.yash.Millennium.MillenniumApplicationTests]: no resource found for suffixes {-context.xml, Context.groovy}.
11:56:00.767 [main] INFO org.springframework.test.context.support.AnnotationConfigContextLoaderUtils - Could not detect default configuration classes for test class [com.yash.Millennium.MillenniumApplicationTests]: MillenniumApplicationTests does not declare any static, non-private, non-final, nested classes annotated with @Configuration.
11:56:00.818 [main] DEBUG org.springframework.test.context.support.ActiveProfilesUtils - Could not find an 'annotation declaring class' for annotation type [org.springframework.test.context.ActiveProfiles] and class [com.yash.Millennium.MillenniumApplicationTests]
11:56:00.827 [main] DEBUG org.springframework.core.env.StandardEnvironment - Adding [systemProperties] PropertySource with lowest search precedence
11:56:00.827 [main] DEBUG org.springframework.core.env.StandardEnvironment - Adding [systemEnvironment] PropertySource with lowest search precedence
11:56:00.827 [main] DEBUG org.springframework.core.env.StandardEnvironment - Initialized StandardEnvironment with PropertySources [systemProperties,systemEnvironment]
11:56:00.841 [main] DEBUG org.springframework.core.io.support.PathMatchingResourcePatternResolver - Resolved classpath location [com/yash/Millennium/] to resources [URL [file:/D:/WORKSPACE/BACKUP/GIT/Oreilly/Millennium/target/test-classes/com/yash/Millennium/], URL [file:/D:/WORKSPACE/BACKUP/GIT/Oreilly/Millennium/target/classes/com/yash/Millennium/]]
11:56:00.841 [main] DEBUG org.springframework.core.io.support.PathMatchingResourcePatternResolver - Looking for matching resources in directory tree [D:\WORKSPACE\BACKUP\GIT\Oreilly\Millennium\target\test-classes\com\yash\Millennium]
11:56:00.841 [main] DEBUG org.springframework.core.io.support.PathMatchingResourcePatternResolver - Searching directory [D:\WORKSPACE\BACKUP\GIT\Oreilly\Millennium\target\test-classes\com\yash\Millennium] for files matching pattern [D:/WORKSPACE/BACKUP/GIT/Oreilly/Millennium/target/test-classes/com/yash/Millennium/*.class]
11:56:00.846 [main] DEBUG org.springframework.core.io.support.PathMatchingResourcePatternResolver - Looking for matching resources in directory tree [D:\WORKSPACE\BACKUP\GIT\Oreilly\Millennium\target\classes\com\yash\Millennium]
11:56:00.846 [main] DEBUG org.springframework.core.io.support.PathMatchingResourcePatternResolver - Searching directory [D:\WORKSPACE\BACKUP\GIT\Oreilly\Millennium\target\classes\com\yash\Millennium] for files matching pattern [D:/WORKSPACE/BACKUP/GIT/Oreilly/Millennium/target/classes/com/yash/Millennium/*.class]
11:56:00.849 [main] DEBUG org.springframework.core.io.support.PathMatchingResourcePatternResolver - Resolved location pattern [classpath*:com/yash/Millennium/*.class] to resources [file [D:\WORKSPACE\BACKUP\GIT\Oreilly\Millennium\target\test-classes\com\yash\Millennium\MillenniumApplicationTests.class]]
11:56:00.866 [main] DEBUG org.springframework.core.io.support.PathMatchingResourcePatternResolver - Resolved classpath location [com/yash/] to resources [URL [file:/D:/WORKSPACE/BACKUP/GIT/Oreilly/Millennium/target/test-classes/com/yash/], URL [file:/D:/WORKSPACE/BACKUP/GIT/Oreilly/Millennium/target/classes/com/yash/]]
11:56:00.866 [main] DEBUG org.springframework.core.io.support.PathMatchingResourcePatternResolver - Looking for matching resources in directory tree [D:\WORKSPACE\BACKUP\GIT\Oreilly\Millennium\target\test-classes\com\yash]
11:56:00.866 [main] DEBUG org.springframework.core.io.support.PathMatchingResourcePatternResolver - Searching directory [D:\WORKSPACE\BACKUP\GIT\Oreilly\Millennium\target\test-classes\com\yash] for files matching pattern [D:/WORKSPACE/BACKUP/GIT/Oreilly/Millennium/target/test-classes/com/yash/*.class]
11:56:00.868 [main] DEBUG org.springframework.core.io.support.PathMatchingResourcePatternResolver - Looking for matching resources in directory tree [D:\WORKSPACE\BACKUP\GIT\Oreilly\Millennium\target\classes\com\yash]
11:56:00.868 [main] DEBUG org.springframework.core.io.support.PathMatchingResourcePatternResolver - Searching directory [D:\WORKSPACE\BACKUP\GIT\Oreilly\Millennium\target\classes\com\yash] for files matching pattern [D:/WORKSPACE/BACKUP/GIT/Oreilly/Millennium/target/classes/com/yash/*.class]
11:56:00.870 [main] DEBUG org.springframework.core.io.support.PathMatchingResourcePatternResolver - Resolved location pattern [classpath*:com/yash/*.class] to resources []
11:56:00.871 [main] DEBUG org.springframework.core.io.support.PathMatchingResourcePatternResolver - Resolved classpath location [com/] to resources [URL [file:/D:/WORKSPACE/BACKUP/GIT/Oreilly/Millennium/target/test-classes/com/], URL [file:/D:/WORKSPACE/BACKUP/GIT/Oreilly/Millennium/target/classes/com/], URL [jar:file:/C:/Users/Chauhan.prashant/.m2/repository/com/fasterxml/classmate/1.3.3/classmate-1.3.3.jar!/com/], URL [jar:file:/C:/Users/Chauhan.prashant/.m2/repository/com/fasterxml/jackson/core/jackson-databind/2.8.5/jackson-databind-2.8.5.jar!/com/], URL [jar:file:/C:/Users/Chauhan.prashant/.m2/repository/com/fasterxml/jackson/core/jackson-annotations/2.8.5/jackson-annotations-2.8.5.jar!/com/], URL [jar:file:/C:/Users/Chauhan.prashant/.m2/repository/com/fasterxml/jackson/core/jackson-core/2.8.5/jackson-core-2.8.5.jar!/com/], URL [jar:file:/C:/Users/Chauhan.prashant/.m2/repository/com/jayway/jsonpath/json-path/2.2.0/json-path-2.2.0.jar!/com/]]
11:56:00.871 [main] DEBUG org.springframework.core.io.support.PathMatchingResourcePatternResolver - Looking for matching resources in directory tree [D:\WORKSPACE\BACKUP\GIT\Oreilly\Millennium\target\test-classes\com]
11:56:00.871 [main] DEBUG org.springframework.core.io.support.PathMatchingResourcePatternResolver - Searching directory [D:\WORKSPACE\BACKUP\GIT\Oreilly\Millennium\target\test-classes\com] for files matching pattern [D:/WORKSPACE/BACKUP/GIT/Oreilly/Millennium/target/test-classes/com/*.class]
11:56:00.877 [main] DEBUG org.springframework.core.io.support.PathMatchingResourcePatternResolver - Looking for matching resources in directory tree [D:\WORKSPACE\BACKUP\GIT\Oreilly\Millennium\target\classes\com]
11:56:00.878 [main] DEBUG org.springframework.core.io.support.PathMatchingResourcePatternResolver - Searching directory [D:\WORKSPACE\BACKUP\GIT\Oreilly\Millennium\target\classes\com] for files matching pattern [D:/WORKSPACE/BACKUP/GIT/Oreilly/Millennium/target/classes/com/*.class]
11:56:00.880 [main] DEBUG org.springframework.core.io.support.PathMatchingResourcePatternResolver - Looking for matching resources in jar file [file:/C:/Users/Chauhan.prashant/.m2/repository/com/fasterxml/classmate/1.3.3/classmate-1.3.3.jar]
11:56:00.881 [main] DEBUG org.springframework.core.io.support.PathMatchingResourcePatternResolver - Looking for matching resources in jar file [file:/C:/Users/Chauhan.prashant/.m2/repository/com/fasterxml/jackson/core/jackson-databind/2.8.5/jackson-databind-2.8.5.jar]
11:56:00.890 [main] DEBUG org.springframework.core.io.support.PathMatchingResourcePatternResolver - Looking for matching resources in jar file [file:/C:/Users/Chauhan.prashant/.m2/repository/com/fasterxml/jackson/core/jackson-annotations/2.8.5/jackson-annotations-2.8.5.jar]
11:56:00.891 [main] DEBUG org.springframework.core.io.support.PathMatchingResourcePatternResolver - Looking for matching resources in jar file [file:/C:/Users/Chauhan.prashant/.m2/repository/com/fasterxml/jackson/core/jackson-core/2.8.5/jackson-core-2.8.5.jar]
11:56:00.894 [main] DEBUG org.springframework.core.io.support.PathMatchingResourcePatternResolver - Looking for matching resources in jar file [file:/C:/Users/Chauhan.prashant/.m2/repository/com/jayway/jsonpath/json-path/2.2.0/json-path-2.2.0.jar]
11:56:00.896 [main] DEBUG org.springframework.core.io.support.PathMatchingResourcePatternResolver - Resolved location pattern [classpath*:com/*.class] to resources []
11:56:00.900 [main] DEBUG org.springframework.test.context.junit4.SpringJUnit4ClassRunner - SpringJUnit4ClassRunner constructor called with [class com.yash.Millennium.MillenniumApplicationTests]
11:56:00.901 [main] DEBUG org.springframework.test.context.BootstrapUtils - Instantiating CacheAwareContextLoaderDelegate from class [org.springframework.test.context.cache.DefaultCacheAwareContextLoaderDelegate]
11:56:00.901 [main] DEBUG org.springframework.test.context.BootstrapUtils - Instantiating BootstrapContext using constructor [public org.springframework.test.context.support.DefaultBootstrapContext(java.lang.Class,org.springframework.test.context.CacheAwareContextLoaderDelegate)]
11:56:00.902 [main] DEBUG org.springframework.test.context.BootstrapUtils - Instantiating TestContextBootstrapper for test class [com.yash.Millennium.MillenniumApplicationTests] from class [org.springframework.boot.test.context.SpringBootTestContextBootstrapper]
11:56:00.902 [main] INFO org.springframework.boot.test.context.SpringBootTestContextBootstrapper - Neither @ContextConfiguration nor @ContextHierarchy found for test class [com.yash.Millennium.MillenniumApplicationTests], using SpringBootContextLoader
11:56:00.902 [main] DEBUG org.springframework.test.context.support.AbstractContextLoader - Did not detect default resource location for test class [com.yash.Millennium.MillenniumApplicationTests]: class path resource [com/yash/Millennium/MillenniumApplicationTests-context.xml] does not exist
11:56:00.903 [main] DEBUG org.springframework.test.context.support.AbstractContextLoader - Did not detect default resource location for test class [com.yash.Millennium.MillenniumApplicationTests]: class path resource [com/yash/Millennium/MillenniumApplicationTestsContext.groovy] does not exist
11:56:00.903 [main] INFO org.springframework.test.context.support.AbstractContextLoader - Could not detect default resource locations for test class [com.yash.Millennium.MillenniumApplicationTests]: no resource found for suffixes {-context.xml, Context.groovy}.
11:56:00.903 [main] INFO org.springframework.test.context.support.AnnotationConfigContextLoaderUtils - Could not detect default configuration classes for test class [com.yash.Millennium.MillenniumApplicationTests]: MillenniumApplicationTests does not declare any static, non-private, non-final, nested classes annotated with @Configuration.
11:56:00.909 [main] DEBUG org.springframework.test.context.support.ActiveProfilesUtils - Could not find an 'annotation declaring class' for annotation type [org.springframework.test.context.ActiveProfiles] and class [com.yash.Millennium.MillenniumApplicationTests]
11:56:00.910 [main] DEBUG org.springframework.core.env.StandardEnvironment - Adding [systemProperties] PropertySource with lowest search precedence
11:56:00.910 [main] DEBUG org.springframework.core.env.StandardEnvironment - Adding [systemEnvironment] PropertySource with lowest search precedence
11:56:00.910 [main] DEBUG org.springframework.core.env.StandardEnvironment - Initialized StandardEnvironment with PropertySources [systemProperties,systemEnvironment]
11:56:00.910 [main] DEBUG org.springframework.core.io.support.PathMatchingResourcePatternResolver - Resolved classpath location [com/yash/Millennium/] to resources [URL [file:/D:/WORKSPACE/BACKUP/GIT/Oreilly/Millennium/target/test-classes/com/yash/Millennium/], URL [file:/D:/WORKSPACE/BACKUP/GIT/Oreilly/Millennium/target/classes/com/yash/Millennium/]]
11:56:00.910 [main] DEBUG org.springframework.core.io.support.PathMatchingResourcePatternResolver - Looking for matching resources in directory tree [D:\WORKSPACE\BACKUP\GIT\Oreilly\Millennium\target\test-classes\com\yash\Millennium]
11:56:00.911 [main] DEBUG org.springframework.core.io.support.PathMatchingResourcePatternResolver - Searching directory [D:\WORKSPACE\BACKUP\GIT\Oreilly\Millennium\target\test-classes\com\yash\Millennium] for files matching pattern [D:/WORKSPACE/BACKUP/GIT/Oreilly/Millennium/target/test-classes/com/yash/Millennium/*.class]
11:56:00.912 [main] DEBUG org.springframework.core.io.support.PathMatchingResourcePatternResolver - Looking for matching resources in directory tree [D:\WORKSPACE\BACKUP\GIT\Oreilly\Millennium\target\classes\com\yash\Millennium]
11:56:00.912 [main] DEBUG org.springframework.core.io.support.PathMatchingResourcePatternResolver - Searching directory [D:\WORKSPACE\BACKUP\GIT\Oreilly\Millennium\target\classes\com\yash\Millennium] for files matching pattern [D:/WORKSPACE/BACKUP/GIT/Oreilly/Millennium/target/classes/com/yash/Millennium/*.class]
11:56:00.912 [main] DEBUG org.springframework.core.io.support.PathMatchingResourcePatternResolver - Resolved location pattern [classpath*:com/yash/Millennium/*.class] to resources [file [D:\WORKSPACE\BACKUP\GIT\Oreilly\Millennium\target\test-classes\com\yash\Millennium\MillenniumApplicationTests.class]]
11:56:00.913 [main] DEBUG org.springframework.core.io.support.PathMatchingResourcePatternResolver - Resolved classpath location [com/yash/] to resources [URL [file:/D:/WORKSPACE/BACKUP/GIT/Oreilly/Millennium/target/test-classes/com/yash/], URL [file:/D:/WORKSPACE/BACKUP/GIT/Oreilly/Millennium/target/classes/com/yash/]]
11:56:00.913 [main] DEBUG org.springframework.core.io.support.PathMatchingResourcePatternResolver - Looking for matching resources in directory tree [D:\WORKSPACE\BACKUP\GIT\Oreilly\Millennium\target\test-classes\com\yash]
11:56:00.913 [main] DEBUG org.springframework.core.io.support.PathMatchingResourcePatternResolver - Searching directory [D:\WORKSPACE\BACKUP\GIT\Oreilly\Millennium\target\test-classes\com\yash] for files matching pattern [D:/WORKSPACE/BACKUP/GIT/Oreilly/Millennium/target/test-classes/com/yash/*.class]
11:56:00.914 [main] DEBUG org.springframework.core.io.support.PathMatchingResourcePatternResolver - Looking for matching resources in directory tree [D:\WORKSPACE\BACKUP\GIT\Oreilly\Millennium\target\classes\com\yash]
11:56:00.914 [main] DEBUG org.springframework.core.io.support.PathMatchingResourcePatternResolver - Searching directory [D:\WORKSPACE\BACKUP\GIT\Oreilly\Millennium\target\classes\com\yash] for files matching pattern [D:/WORKSPACE/BACKUP/GIT/Oreilly/Millennium/target/classes/com/yash/*.class]
11:56:00.914 [main] DEBUG org.springframework.core.io.support.PathMatchingResourcePatternResolver - Resolved location pattern [classpath*:com/yash/*.class] to resources []
11:56:00.915 [main] DEBUG org.springframework.core.io.support.PathMatchingResourcePatternResolver - Resolved classpath location [com/] to resources [URL [file:/D:/WORKSPACE/BACKUP/GIT/Oreilly/Millennium/target/test-classes/com/], URL [file:/D:/WORKSPACE/BACKUP/GIT/Oreilly/Millennium/target/classes/com/], URL [jar:file:/C:/Users/Chauhan.prashant/.m2/repository/com/fasterxml/classmate/1.3.3/classmate-1.3.3.jar!/com/], URL [jar:file:/C:/Users/Chauhan.prashant/.m2/repository/com/fasterxml/jackson/core/jackson-databind/2.8.5/jackson-databind-2.8.5.jar!/com/], URL [jar:file:/C:/Users/Chauhan.prashant/.m2/repository/com/fasterxml/jackson/core/jackson-annotations/2.8.5/jackson-annotations-2.8.5.jar!/com/], URL [jar:file:/C:/Users/Chauhan.prashant/.m2/repository/com/fasterxml/jackson/core/jackson-core/2.8.5/jackson-core-2.8.5.jar!/com/], URL [jar:file:/C:/Users/Chauhan.prashant/.m2/repository/com/jayway/jsonpath/json-path/2.2.0/json-path-2.2.0.jar!/com/]]
11:56:00.915 [main] DEBUG org.springframework.core.io.support.PathMatchingResourcePatternResolver - Looking for matching resources in directory tree [D:\WORKSPACE\BACKUP\GIT\Oreilly\Millennium\target\test-classes\com]
11:56:00.915 [main] DEBUG org.springframework.core.io.support.PathMatchingResourcePatternResolver - Searching directory [D:\WORKSPACE\BACKUP\GIT\Oreilly\Millennium\target\test-classes\com] for files matching pattern [D:/WORKSPACE/BACKUP/GIT/Oreilly/Millennium/target/test-classes/com/*.class]
11:56:00.916 [main] DEBUG org.springframework.core.io.support.PathMatchingResourcePatternResolver - Looking for matching resources in directory tree [D:\WORKSPACE\BACKUP\GIT\Oreilly\Millennium\target\classes\com]
11:56:00.917 [main] DEBUG org.springframework.core.io.support.PathMatchingResourcePatternResolver - Searching directory [D:\WORKSPACE\BACKUP\GIT\Oreilly\Millennium\target\classes\com] for files matching pattern [D:/WORKSPACE/BACKUP/GIT/Oreilly/Millennium/target/classes/com/*.class]
11:56:00.918 [main] DEBUG org.springframework.core.io.support.PathMatchingResourcePatternResolver - Looking for matching resources in jar file [file:/C:/Users/Chauhan.prashant/.m2/repository/com/fasterxml/classmate/1.3.3/classmate-1.3.3.jar]
11:56:00.918 [main] DEBUG org.springframework.core.io.support.PathMatchingResourcePatternResolver - Looking for matching resources in jar file [file:/C:/Users/Chauhan.prashant/.m2/repository/com/fasterxml/jackson/core/jackson-databind/2.8.5/jackson-databind-2.8.5.jar]
11:56:00.923 [main] DEBUG org.springframework.core.io.support.PathMatchingResourcePatternResolver - Looking for matching resources in jar file [file:/C:/Users/Chauhan.prashant/.m2/repository/com/fasterxml/jackson/core/jackson-annotations/2.8.5/jackson-annotations-2.8.5.jar]
11:56:00.923 [main] DEBUG org.springframework.core.io.support.PathMatchingResourcePatternResolver - Looking for matching resources in jar file [file:/C:/Users/Chauhan.prashant/.m2/repository/com/fasterxml/jackson/core/jackson-core/2.8.5/jackson-core-2.8.5.jar]
11:56:00.925 [main] DEBUG org.springframework.core.io.support.PathMatchingResourcePatternResolver - Looking for matching resources in jar file [file:/C:/Users/Chauhan.prashant/.m2/repository/com/jayway/jsonpath/json-path/2.2.0/json-path-2.2.0.jar]
11:56:00.926 [main] DEBUG org.springframework.core.io.support.PathMatchingResourcePatternResolver - Resolved location pattern [classpath*:com/*.class] to resources []
]]></system-out>
  </testcase>
</testsuite>